<?xml version="1.0" encoding="UTF-8"?>
<testsuites tests="14" failures="0" disabled="0" errors="0" timestamp="2016-03-22T11:32:58" time="0.001" name="AllTests">
  <testsuite name="Board_init" tests="1" failures="0" disabled="0" errors="0" time="0">
    <testcase name="Positive" status="run" time="0" classname="Board_init" />
  </testsuite>
  <testsuite name="Impediment_init" tests="1" failures="0" disabled="0" errors="0" time="0">
    <testcase name="Positive" status="run" time="0" classname="Impediment_init" />
  </testsuite>
  <testsuite name="Square_init1" tests="1" failures="0" disabled="0" errors="0" time="0">
    <testcase name="Positive" status="run" time="0" classname="Square_init1" />
  </testsuite>
  <testsuite name="Square_init2" tests="1" failures="0" disabled="0" errors="0" time="0">
    <testcase name="Positive" status="run" time="0" classname="Square_init2" />
  </testsuite>
  <testsuite name="Square_addRemoveImpediment" tests="1" failures="0" disabled="0" errors="0" time="0">
    <testcase name="Positive" status="run" time="0" classname="Square_addRemoveImpediment" />
  </testsuite>
  <testsuite name="Square_LocationToAdd_Oasis" tests="1" failures="0" disabled="0" errors="0" time="0">
    <testcase name="Positive" status="run" time="0" classname="Square_LocationToAdd_Oasis" />
  </testsuite>
  <testsuite name="Square_LocationToAdd_Swamp" tests="1" failures="0" disabled="0" errors="0" time="0">
    <testcase name="Positive" status="run" time="0" classname="Square_LocationToAdd_Swamp" />
  </testsuite>
  <testsuite name="Square_LocationToAdd_Swamp_0" tests="1" failures="0" disabled="0" errors="0" time="0">
    <testcase name="Positive" status="run" time="0" classname="Square_LocationToAdd_Swamp_0" />
  </testsuite>
  <testsuite name="Square_vec_insert_at_top_empty_vec" tests="1" failures="0" disabled="0" errors="0" time="0">
    <testcase name="Positive" status="run" time="0" classname="Square_vec_insert_at_top_empty_vec" />
  </testsuite>
  <testsuite name="Square_vec_insert_at_bottom_empty_list" tests="1" failures="0" disabled="0" errors="0" time="0">
    <testcase name="Positive" status="run" time="0" classname="Square_vec_insert_at_bottom_empty_list" />
  </testsuite>
  <testsuite name="Square_vec_insert_at_Top_existing_vec" tests="1" failures="0" disabled="0" errors="0" time="0">
    <testcase name="Positive" status="run" time="0" classname="Square_vec_insert_at_Top_existing_vec" />
  </testsuite>
  <testsuite name="Square_vec_value_at" tests="1" failures="0" disabled="0" errors="0" time="0">
    <testcase name="Positive" status="run" time="0" classname="Square_vec_value_at" />
  </testsuite>
  <testsuite name="Square_getCamelIn_1_value" tests="1" failures="0" disabled="0" errors="0" time="0">
    <testcase name="Negative" status="run" time="0" classname="Square_getCamelIn_1_value" />
  </testsuite>
  <testsuite name="Square_getCamelIn_0_value" tests="1" failures="0" disabled="0" errors="0" time="0">
    <testcase name="Negative" status="run" time="0" classname="Square_getCamelIn_0_value" />
  </testsuite>
</testsuites>
